mode: count
github.com/grafov/hulk/hulk.go:62.38,64.2 1 0
github.com/grafov/hulk/hulk.go:66.46,69.2 2 0
github.com/grafov/hulk/hulk.go:71.13,88.13 9 0
github.com/grafov/hulk/hulk.go:88.13,91.3 2 0
github.com/grafov/hulk/hulk.go:93.2,94.16 2 0
github.com/grafov/hulk/hulk.go:94.16,97.3 2 0
github.com/grafov/hulk/hulk.go:99.2,101.32 3 0
github.com/grafov/hulk/hulk.go:101.32,103.3 1 0
github.com/grafov/hulk/hulk.go:105.2,105.18 1 0
github.com/grafov/hulk/hulk.go:105.18,106.56 1 0
github.com/grafov/hulk/hulk.go:106.56,108.61 2 0
github.com/grafov/hulk/hulk.go:108.61,109.35 1 0
github.com/grafov/hulk/hulk.go:109.35,111.6 1 0
github.com/grafov/hulk/hulk.go:113.9,116.4 2 0
github.com/grafov/hulk/hulk.go:120.2,121.34 2 0
github.com/grafov/hulk/hulk.go:121.34,123.22 2 0
github.com/grafov/hulk/hulk.go:123.22,125.4 1 0
github.com/grafov/hulk/hulk.go:128.2,133.12 5 0
github.com/grafov/hulk/hulk.go:133.12,137.3 3 0
github.com/grafov/hulk/hulk.go:139.2,144.31 4 0
github.com/grafov/hulk/hulk.go:144.31,146.3 1 0
github.com/grafov/hulk/hulk.go:148.2,152.6 3 0
github.com/grafov/hulk/hulk.go:152.6,153.10 1 0
github.com/grafov/hulk/hulk.go:154.21,155.17 1 0
github.com/grafov/hulk/hulk.go:156.19,157.115 1 0
github.com/grafov/hulk/hulk.go:162.2,163.43 2 0
github.com/grafov/hulk/hulk.go:166.101,171.34 3 0
github.com/grafov/hulk/hulk.go:171.34,172.32 1 0
github.com/grafov/hulk/hulk.go:172.32,174.4 1 0
github.com/grafov/hulk/hulk.go:174.9,176.4 1 0
github.com/grafov/hulk/hulk.go:179.2,183.20 4 0
github.com/grafov/hulk/hulk.go:183.20,185.3 1 0
github.com/grafov/hulk/hulk.go:187.2,188.63 2 0
github.com/grafov/hulk/hulk.go:188.63,190.3 1 0
github.com/grafov/hulk/hulk.go:191.2,191.28 1 0
github.com/grafov/hulk/hulk.go:191.28,193.3 1 0
github.com/grafov/hulk/hulk.go:195.2,198.6 3 0
github.com/grafov/hulk/hulk.go:198.6,199.23 1 0
github.com/grafov/hulk/hulk.go:199.23,201.4 1 0
github.com/grafov/hulk/hulk.go:203.3,206.32 3 0
github.com/grafov/hulk/hulk.go:206.32,208.4 1 0
github.com/grafov/hulk/hulk.go:208.9,210.4 1 0
github.com/grafov/hulk/hulk.go:212.3,212.17 1 0
github.com/grafov/hulk/hulk.go:212.17,215.12 3 0
github.com/grafov/hulk/hulk.go:218.3,218.7 1 0
github.com/grafov/hulk/hulk.go:218.7,219.24 1 0
github.com/grafov/hulk/hulk.go:219.24,222.5 2 0
github.com/grafov/hulk/hulk.go:224.4,229.18 5 0
github.com/grafov/hulk/hulk.go:229.18,231.10 2 0
github.com/grafov/hulk/hulk.go:234.4,236.18 3 0
github.com/grafov/hulk/hulk.go:236.18,238.10 2 0
github.com/grafov/hulk/hulk.go:241.4,244.102 3 0
github.com/grafov/hulk/hulk.go:244.102,245.26 1 0
github.com/grafov/hulk/hulk.go:245.26,247.6 1 0
github.com/grafov/hulk/hulk.go:248.5,248.11 1 0
github.com/grafov/hulk/hulk.go:252.4,252.71 1 0
github.com/grafov/hulk/hulk.go:252.71,253.10 1 0
github.com/grafov/hulk/hulk.go:256.3,256.15 1 0
github.com/grafov/hulk/hulk.go:260.50,262.21 2 1113
github.com/grafov/hulk/hulk.go:262.21,264.3 1 55039
github.com/grafov/hulk/hulk.go:265.2,265.20 1 1113
github.com/grafov/hulk/hulk.go:268.124,269.20 1 5
github.com/grafov/hulk/hulk.go:269.20,277.3 7 3
github.com/grafov/hulk/hulk.go:277.8,281.3 3 2
github.com/grafov/hulk/hulk.go:283.2,294.34 11 5
github.com/grafov/hulk/hulk.go:294.34,297.3 2 2
github.com/grafov/hulk/hulk.go:299.2,299.20 1 5
github.com/grafov/hulk/hulk.go:299.20,304.3 4 2
github.com/grafov/hulk/hulk.go:304.8,306.3 1 3
